<?xml version="1.0" encoding="utf-8"?><testsuites><testsuite name="pytest" errors="0" failures="1" skipped="1" tests="6" time="9.626" timestamp="2025-01-07T10:22:36.656328+01:00" hostname="OLI-OMEN"><testcase classname="bumpversion" name="FLAKE8" time="0.000"><skipped type="pytest.skip" message="file(s) previously passed FLAKE8 checks">/media/olivier/ssd1T/dev/kairntech/pyconverters_xcago/.tox/report/lib/python3.8/site-packages/pytest_flake8.py:124: file(s) previously passed FLAKE8 checks</skipped></testcase><testcase classname="src.pyconverters_xcago.__init__" name="FLAKE8" time="0.045" /><testcase classname="src.pyconverters_xcago.xcago" name="FLAKE8" time="0.053" /><testcase classname="tests.test_xcago" name="FLAKE8" time="0.039"><failure message="/media/olivier/ssd1T/dev/kairntech/pyconverters_xcago/tests/test_xcago.py:4:1: F401 'pytest' imported but unused&#10;">/media/olivier/ssd1T/dev/kairntech/pyconverters_xcago/tests/test_xcago.py:4:1: F401 'pytest' imported but unused
</failure></testcase><testcase classname="tests.test_xcago" name="test_xcago_json" time="0.090" /><testcase classname="tests.test_xcago" name="test_xcago_corpus" time="8.422" /></testsuite></testsuites>