<?xml version="1.0" encoding="utf-8"?><testsuites><testsuite name="pytest" errors="0" failures="0" skipped="5" tests="61" time="339.538" timestamp="2025-01-14T20:37:59.889305+00:00" hostname="fv-az1111-365"><testcase classname="tests.functional.test_appointments" name="test_apt_all" time="6.801" /><testcase classname="tests.functional.test_appointments" name="test_apt" time="12.040" /><testcase classname="tests.functional.test_appointments" name="test_apt_new" time="11.995" /><testcase classname="tests.functional.test_appointments" name="test_apt_new_post" time="10.277" /><testcase classname="tests.functional.test_appointments" name="test_apt_new_post_email" time="0.001"><skipped type="pytest.skip" message="Test doesn't work in Github Actions.">D:\a\babylab-redcap\babylab-redcap\tests\functional\test_appointments.py:44: Test doesn't work in Github Actions.</skipped></testcase><testcase classname="tests.functional.test_appointments" name="test_apt_mod" time="10.786" /><testcase classname="tests.functional.test_appointments" name="test_apt_mod_post" time="14.753" /><testcase classname="tests.functional.test_appointments" name="test_apt_mod_post_email" time="0.001"><skipped type="pytest.skip" message="Test doesn't work in Github Actions.">D:\a\babylab-redcap\babylab-redcap\tests\functional\test_appointments.py:86: Test doesn't work in Github Actions.</skipped></testcase><testcase classname="tests.functional.test_general" name="test_index_page" time="0.430" /><testcase classname="tests.functional.test_general" name="test_index_page_token" time="1.640" /><testcase classname="tests.functional.test_general" name="test_dashboard_page" time="7.889" /><testcase classname="tests.functional.test_general" name="test_studies" time="0.969" /><testcase classname="tests.functional.test_general" name="test_studies_input" time="18.670" /><testcase classname="tests.functional.test_general" name="test_other" time="0.415" /><testcase classname="tests.functional.test_general" name="test_other_backup" time="0.493" /><testcase classname="tests.functional.test_participants" name="test_ppt_all" time="7.954" /><testcase classname="tests.functional.test_participants" name="test_ppt_all_post" time="6.539" /><testcase classname="tests.functional.test_participants" name="test_ppt" time="6.783" /><testcase classname="tests.functional.test_participants" name="test_ppt_new" time="0.875" /><testcase classname="tests.functional.test_participants" name="test_ppt_new_post" time="6.673" /><testcase classname="tests.functional.test_participants" name="test_ppt_mod" time="10.120" /><testcase classname="tests.functional.test_participants" name="test_ppt_mod_post" time="13.126" /><testcase classname="tests.functional.test_questionnaires" name="test_ques_all" time="6.082" /><testcase classname="tests.functional.test_questionnaires" name="test_que" time="12.273" /><testcase classname="tests.functional.test_questionnaires" name="test_que_new" time="7.664" /><testcase classname="tests.functional.test_questionnaires" name="test_que_new_post" time="6.884" /><testcase classname="tests.functional.test_questionnaires" name="test_que_mod" time="12.189" /><testcase classname="tests.functional.test_questionnaires" name="test_que_mod_post" time="11.086" /><testcase classname="tests.unit.test_api" name="test_post_request" time="0.396" /><testcase classname="tests.unit.test_api" name="test_redcap_version" time="0.753" /><testcase classname="tests.unit.test_api" name="test_datetimes_to_str" time="0.001" /><testcase classname="tests.unit.test_api" name="test_get_data_dict" time="0.575" /><testcase classname="tests.unit.test_api" name="test_get_records" time="4.912" /><testcase classname="tests.unit.test_api" name="test_add_participant" time="5.399" /><testcase classname="tests.unit.test_api" name="test_add_participant_modifying" time="5.431" /><testcase classname="tests.unit.test_api" name="test_delete_participant" time="10.431" /><testcase classname="tests.unit.test_api" name="test_add_appointment" time="5.569" /><testcase classname="tests.unit.test_api" name="test_add_appointment_modifying" time="6.518" /><testcase classname="tests.unit.test_api" name="test_delete_appointment" time="10.034" /><testcase classname="tests.unit.test_api" name="test_add_questionnaire" time="6.704" /><testcase classname="tests.unit.test_api" name="test_add_questionnaire_mod" time="6.289" /><testcase classname="tests.unit.test_api" name="test_delete_questionnaire" time="9.646" /><testcase classname="tests.unit.test_api" name="test_redcap_backup" time="5.449" /><testcase classname="tests.unit.test_calendar" name="test_get_age" time="0.004" /><testcase classname="tests.unit.test_calendar" name="test_get_birth_date" time="0.001" /><testcase classname="tests.unit.test_models" name="test_participant_class" time="3.501" /><testcase classname="tests.unit.test_models" name="test_appointment_class" time="5.524" /><testcase classname="tests.unit.test_models" name="test_questionnaire_class" time="4.124" /><testcase classname="tests.unit.test_models" name="test_records_class" time="5.103" /><testcase classname="tests.unit.test_models" name="test_recordlist_class_participants" time="6.634" /><testcase classname="tests.unit.test_models" name="test_recordlist_class_appointments" time="5.112" /><testcase classname="tests.unit.test_models" name="test_recordlist_class_questionnaires" time="4.821" /><testcase classname="tests.unit.test_models" name="test_records_class_participants" time="3.593" /><testcase classname="tests.unit.test_models" name="test_records_class_appointments" time="5.124" /><testcase classname="tests.unit.test_models" name="test_records_class_questionnaires" time="5.782" /><testcase classname="tests.unit.test_outlook" name="test_email_validation" time="0.001"><skipped type="pytest.skip" message="Test doesn't work in Github Actions.">D:\a\babylab-redcap\babylab-redcap\tests\unit\test_outlook.py:13: Test doesn't work in Github Actions.</skipped></testcase><testcase classname="tests.unit.test_outlook" name="test_compose_outlook" time="5.786" /><testcase classname="tests.unit.test_outlook" name="test_send_email" time="0.001"><skipped type="pytest.skip" message="Test doesn't work in Github Actions.">D:\a\babylab-redcap\babylab-redcap\tests\unit\test_outlook.py:57: Test doesn't work in Github Actions.</skipped></testcase><testcase classname="tests.unit.test_outlook" name="test_create_event" time="0.000"><skipped type="pytest.skip" message="Test doesn't work in Github Actions.">D:\a\babylab-redcap\babylab-redcap\tests\unit\test_outlook.py:89: Test doesn't work in Github Actions.</skipped></testcase><testcase classname="tests.unit.test_utils" name="test_format_percentage" time="0.001" /><testcase classname="tests.unit.test_utils" name="test_format_taxi_isbooked" time="0.002" /></testsuite></testsuites>